<?xml version="1.0" encoding="UTF-8"?>
<!-- Generated by org.testng.reporters.JUnitXMLReporter -->
<testsuite ignored="0" hostname="DESKTOP-13QQG5A" failures="0" tests="7" name="Default test" time="213.201" errors="0" timestamp="2023-05-11T19:31:32 IST">
  <testcase classname="tests.CRMHomePageTest" name="validateHomePageLogoTest" time="0.154"/>
  <testcase classname="tests.CRMHomePageTest" name="validateLogoutTest" time="2.106"/>
  <testcase classname="tests.CRMHomePageTest" name="validateRedirectionCreateContactTest" time="5.595"/>
  <testcase classname="tests.CRMHomePageTest" name="validateRedirectionOfCreateCompanyTest" time="5.07"/>
  <testcase classname="tests.CRMHomePageTest" name="validateRedirectionofcreateDealTest" time="4.858"/>
  <testcase classname="tests.CRMHomePageTest" name="validateuserTest" time="0.111"/>
  <testcase classname="tests.CRMHomePageTest" name="validteRedirectionofCreateTaskTest" time="4.373"/>
</testsuite> <!-- Default test -->
