<?xml version="1.0" encoding="UTF-8"?>
<testng-results ignored="0" total="7" passed="7" failed="0" skipped="0">
  <reporter-output>
  </reporter-output>
  <suite started-at="2023-05-11T19:27:58 IST" name="Default suite" finished-at="2023-05-11T19:31:32 IST" duration-ms="213201">
    <groups>
    </groups>
    <test started-at="2023-05-11T19:27:58 IST" name="Default test" finished-at="2023-05-11T19:31:32 IST" duration-ms="213201">
      <class name="tests.CRMHomePageTest">
        <test-method is-config="true" signature="initialization()[pri:0, instance:tests.CRMHomePageTest@6392827e]" started-at="2023-05-11T19:27:58 IST" name="initialization" finished-at="2023-05-11T19:28:26 IST" duration-ms="27488" status="PASS">
          <reporter-output>
          </reporter-output>
        </test-method> <!-- initialization -->
        <test-method signature="validateHomePageLogoTest()[pri:0, instance:tests.CRMHomePageTest@6392827e]" started-at="2023-05-11T19:28:26 IST" name="validateHomePageLogoTest" finished-at="2023-05-11T19:28:26 IST" duration-ms="154" status="PASS">
          <reporter-output>
          </reporter-output>
        </test-method> <!-- validateHomePageLogoTest -->
        <test-method is-config="true" signature="tearDown()[pri:0, instance:tests.CRMHomePageTest@6392827e]" started-at="2023-05-11T19:28:26 IST" name="tearDown" finished-at="2023-05-11T19:28:26 IST" duration-ms="225" status="PASS">
          <reporter-output>
          </reporter-output>
        </test-method> <!-- tearDown -->
        <test-method is-config="true" signature="initialization()[pri:0, instance:tests.CRMHomePageTest@6392827e]" started-at="2023-05-11T19:28:26 IST" name="initialization" finished-at="2023-05-11T19:28:51 IST" duration-ms="24897" status="PASS">
          <reporter-output>
          </reporter-output>
        </test-method> <!-- initialization -->
        <test-method signature="validateLogoutTest()[pri:0, instance:tests.CRMHomePageTest@6392827e]" started-at="2023-05-11T19:28:51 IST" name="validateLogoutTest" finished-at="2023-05-11T19:28:53 IST" duration-ms="2106" status="PASS">
          <reporter-output>
          </reporter-output>
        </test-method> <!-- validateLogoutTest -->
        <test-method is-config="true" signature="tearDown()[pri:0, instance:tests.CRMHomePageTest@6392827e]" started-at="2023-05-11T19:28:53 IST" name="tearDown" finished-at="2023-05-11T19:28:54 IST" duration-ms="172" status="PASS">
          <reporter-output>
          </reporter-output>
        </test-method> <!-- tearDown -->
        <test-method is-config="true" signature="initialization()[pri:0, instance:tests.CRMHomePageTest@6392827e]" started-at="2023-05-11T19:28:54 IST" name="initialization" finished-at="2023-05-11T19:29:20 IST" duration-ms="26056" status="PASS">
          <reporter-output>
          </reporter-output>
        </test-method> <!-- initialization -->
        <test-method signature="validateRedirectionCreateContactTest()[pri:0, instance:tests.CRMHomePageTest@6392827e]" started-at="2023-05-11T19:29:20 IST" name="validateRedirectionCreateContactTest" finished-at="2023-05-11T19:29:25 IST" duration-ms="5595" status="PASS">
          <reporter-output>
          </reporter-output>
        </test-method> <!-- validateRedirectionCreateContactTest -->
        <test-method is-config="true" signature="tearDown()[pri:0, instance:tests.CRMHomePageTest@6392827e]" started-at="2023-05-11T19:29:25 IST" name="tearDown" finished-at="2023-05-11T19:29:25 IST" duration-ms="177" status="PASS">
          <reporter-output>
          </reporter-output>
        </test-method> <!-- tearDown -->
        <test-method is-config="true" signature="initialization()[pri:0, instance:tests.CRMHomePageTest@6392827e]" started-at="2023-05-11T19:29:25 IST" name="initialization" finished-at="2023-05-11T19:29:51 IST" duration-ms="25286" status="PASS">
          <reporter-output>
          </reporter-output>
        </test-method> <!-- initialization -->
        <test-method signature="validateRedirectionOfCreateCompanyTest()[pri:0, instance:tests.CRMHomePageTest@6392827e]" started-at="2023-05-11T19:29:51 IST" name="validateRedirectionOfCreateCompanyTest" finished-at="2023-05-11T19:29:56 IST" duration-ms="5070" status="PASS">
          <reporter-output>
          </reporter-output>
        </test-method> <!-- validateRedirectionOfCreateCompanyTest -->
        <test-method is-config="true" signature="tearDown()[pri:0, instance:tests.CRMHomePageTest@6392827e]" started-at="2023-05-11T19:29:56 IST" name="tearDown" finished-at="2023-05-11T19:29:56 IST" duration-ms="177" status="PASS">
          <reporter-output>
          </reporter-output>
        </test-method> <!-- tearDown -->
        <test-method is-config="true" signature="initialization()[pri:0, instance:tests.CRMHomePageTest@6392827e]" started-at="2023-05-11T19:29:56 IST" name="initialization" finished-at="2023-05-11T19:30:30 IST" duration-ms="33796" status="PASS">
          <reporter-output>
          </reporter-output>
        </test-method> <!-- initialization -->
        <test-method signature="validateRedirectionofcreateDealTest()[pri:0, instance:tests.CRMHomePageTest@6392827e]" started-at="2023-05-11T19:30:30 IST" name="validateRedirectionofcreateDealTest" finished-at="2023-05-11T19:30:35 IST" duration-ms="4858" status="PASS">
          <reporter-output>
          </reporter-output>
        </test-method> <!-- validateRedirectionofcreateDealTest -->
        <test-method is-config="true" signature="tearDown()[pri:0, instance:tests.CRMHomePageTest@6392827e]" started-at="2023-05-11T19:30:35 IST" name="tearDown" finished-at="2023-05-11T19:30:35 IST" duration-ms="175" status="PASS">
          <reporter-output>
          </reporter-output>
        </test-method> <!-- tearDown -->
        <test-method is-config="true" signature="initialization()[pri:0, instance:tests.CRMHomePageTest@6392827e]" started-at="2023-05-11T19:30:35 IST" name="initialization" finished-at="2023-05-11T19:31:00 IST" duration-ms="25596" status="PASS">
          <reporter-output>
          </reporter-output>
        </test-method> <!-- initialization -->
        <test-method signature="validateuserTest()[pri:0, instance:tests.CRMHomePageTest@6392827e]" started-at="2023-05-11T19:31:00 IST" name="validateuserTest" finished-at="2023-05-11T19:31:00 IST" duration-ms="111" status="PASS">
          <reporter-output>
          </reporter-output>
        </test-method> <!-- validateuserTest -->
        <test-method is-config="true" signature="tearDown()[pri:0, instance:tests.CRMHomePageTest@6392827e]" started-at="2023-05-11T19:31:00 IST" name="tearDown" finished-at="2023-05-11T19:31:01 IST" duration-ms="324" status="PASS">
          <reporter-output>
          </reporter-output>
        </test-method> <!-- tearDown -->
        <test-method is-config="true" signature="initialization()[pri:0, instance:tests.CRMHomePageTest@6392827e]" started-at="2023-05-11T19:31:01 IST" name="initialization" finished-at="2023-05-11T19:31:27 IST" duration-ms="26167" status="PASS">
          <reporter-output>
          </reporter-output>
        </test-method> <!-- initialization -->
        <test-method signature="validteRedirectionofCreateTaskTest()[pri:0, instance:tests.CRMHomePageTest@6392827e]" started-at="2023-05-11T19:31:27 IST" name="validteRedirectionofCreateTaskTest" finished-at="2023-05-11T19:31:31 IST" duration-ms="4373" status="PASS">
          <reporter-output>
          </reporter-output>
        </test-method> <!-- validteRedirectionofCreateTaskTest -->
        <test-method is-config="true" signature="tearDown()[pri:0, instance:tests.CRMHomePageTest@6392827e]" started-at="2023-05-11T19:31:31 IST" name="tearDown" finished-at="2023-05-11T19:31:32 IST" duration-ms="249" status="PASS">
          <reporter-output>
          </reporter-output>
        </test-method> <!-- tearDown -->
      </class> <!-- tests.CRMHomePageTest -->
    </test> <!-- Default test -->
  </suite> <!-- Default suite -->
</testng-results>
